This is pdfTeX, Version 3.141592653-2.6-1.40.22 (MiKTeX 21.6) (preloaded format=pdflatex 2021.9.13)  10 APR 2022 22:19
entering extended mode
**"./–ª–∞–±–∞ 6.tex"
(–ª–∞–±–∞ 6.tex
LaTeX2e <2021-06-01>
L3 programming layer <2021-06-01>
(C:\Program Files\MiKTeX\tex/latex/base\article.cls
Document Class: article 2021/02/12 v1.4n Standard LaTeX document class
(C:\Program Files\MiKTeX\tex/latex/base\size10.clo
File: size10.clo 2021/02/12 v1.4n Standard LaTeX file (size option)
)
\c@part=\count182
\c@section=\count183
\c@subsection=\count184
\c@subsubsection=\count185
\c@paragraph=\count186
\c@subparagraph=\count187
\c@figure=\count188
\c@table=\count189
\abovecaptionskip=\skip47
\belowcaptionskip=\skip48
\bibindent=\dimen138
)
(C:\Users\1\AppData\Roaming\MiKTeX\tex/latex/extsizes\extsizes.sty
Package: extsizes 1996/10/08 v1.0 Non Standard LaTeX Package


Package ExtSizes Warning: It is better to use one of the extsizes classes,
 if you can.

(C:\Users\1\AppData\Roaming\MiKTeX\tex/latex/extsizes\size14.clo
File: size14.clo 1999/11/11 v1.4a NON-Standard LaTeX file (size option)
))
(C:\Program Files\MiKTeX\tex/latex/base\inputenc.sty
Package: inputenc 2021/02/14 v1.3d Input encoding file
\inpenc@prehook=\toks16
\inpenc@posthook=\toks17
)
(C:\Program Files\MiKTeX\tex/generic/babel\babel.sty
Package: babel 2021/06/02 3.60 The Babel package

(C:\Program Files\MiKTeX\tex/generic/babel\babel.def
File: babel.def 2021/06/02 3.60 Babel common definitions
\babel@savecnt=\count190
\U@D=\dimen139
\l@unhyphenated=\language79

(C:\Program Files\MiKTeX\tex/generic/babel\txtbabel.def)
\bbl@readstream=\read2
)
\bbl@dirlevel=\count191

*************************************
* Local config file bblopts.cfg used
*
(C:\Program Files\MiKTeX\tex/latex/arabi\bblopts.cfg
File: bblopts.cfg 2005/09/08 v0.1 add Arabic and Farsi to "declared" options of
 babel
)
(C:\Users\1\AppData\Roaming\MiKTeX\tex/latex/babel-russian\russianb.ldf
File: russianb.ldf 2021/01/10 1.3m Russian support for the Babel system
Language: russian 2020/09/09 1.3k Russian support for the Babel system


Package babel Warning: No Cyrillic font encoding has been loaded so far.
(babel)                A font encoding should be declared before babel.
(babel)                Default `T2A' encoding will be loaded  on input line 78.


(C:\Users\1\AppData\Roaming\MiKTeX\tex/latex/cyrillic\t2aenc.def
File: t2aenc.def 2005/09/27 v1.0i Cyrillic encoding definition file
Now handling font encoding T2A ...
... processing UTF-8 mapping file for font encoding T2A

(C:\Program Files\MiKTeX\tex/latex/base\t2aenc.dfu
File: t2aenc.dfu 2021/01/27 v1.2l UTF-8 support for inputenc
   defining Unicode char U+00A4 (decimal 164)
   defining Unicode char U+00A7 (decimal 167)
   defining Unicode char U+00AB (decimal 171)
   defining Unicode char U+00BB (decimal 187)
   defining Unicode char U+0131 (decimal 305)
   defining Unicode char U+0237 (decimal 567)
   defining Unicode char U+0400 (decimal 1024)
   defining Unicode char U+0401 (decimal 1025)
   defining Unicode char U+0402 (decimal 1026)
   defining Unicode char U+0403 (decimal 1027)
   defining Unicode char U+0404 (decimal 1028)
   defining Unicode char U+0405 (decimal 1029)
   defining Unicode char U+0406 (decimal 1030)
   defining Unicode char U+0407 (decimal 1031)
   defining Unicode char U+0408 (decimal 1032)
   defining Unicode char U+0409 (decimal 1033)
   defining Unicode char U+040A (decimal 1034)
   defining Unicode char U+040B (decimal 1035)
   defining Unicode char U+040C (decimal 1036)
   defining Unicode char U+040D (decimal 1037)
   defining Unicode char U+040E (decimal 1038)
   defining Unicode char U+040F (decimal 1039)
   defining Unicode char U+0410 (decimal 1040)
   defining Unicode char U+0411 (decimal 1041)
   defining Unicode char U+0412 (decimal 1042)
   defining Unicode char U+0413 (decimal 1043)
   defining Unicode char U+0414 (decimal 1044)
   defining Unicode char U+0415 (decimal 1045)
   defining Unicode char U+0416 (decimal 1046)
   defining Unicode char U+0417 (decimal 1047)
   defining Unicode char U+0418 (decimal 1048)
   defining Unicode char U+0419 (decimal 1049)
   defining Unicode char U+041A (decimal 1050)
   defining Unicode char U+041B (decimal 1051)
   defining Unicode char U+041C (decimal 1052)
   defining Unicode char U+041D (decimal 1053)
   defining Unicode char U+041E (decimal 1054)
   defining Unicode char U+041F (decimal 1055)
   defining Unicode char U+0420 (decimal 1056)
   defining Unicode char U+0421 (decimal 1057)
   defining Unicode char U+0422 (decimal 1058)
   defining Unicode char U+0423 (decimal 1059)
   defining Unicode char U+0424 (decimal 1060)
   defining Unicode char U+0425 (decimal 1061)
   defining Unicode char U+0426 (decimal 1062)
   defining Unicode char U+0427 (decimal 1063)
   defining Unicode char U+0428 (decimal 1064)
   defining Unicode char U+0429 (decimal 1065)
   defining Unicode char U+042A (decimal 1066)
   defining Unicode char U+042B (decimal 1067)
   defining Unicode char U+042C (decimal 1068)
   defining Unicode char U+042D (decimal 1069)
   defining Unicode char U+042E (decimal 1070)
   defining Unicode char U+042F (decimal 1071)
   defining Unicode char U+0430 (decimal 1072)
   defining Unicode char U+0431 (decimal 1073)
   defining Unicode char U+0432 (decimal 1074)
   defining Unicode char U+0433 (decimal 1075)
   defining Unicode char U+0434 (decimal 1076)
   defining Unicode char U+0435 (decimal 1077)
   defining Unicode char U+0436 (decimal 1078)
   defining Unicode char U+0437 (decimal 1079)
   defining Unicode char U+0438 (decimal 1080)
   defining Unicode char U+0439 (decimal 1081)
   defining Unicode char U+043A (decimal 1082)
   defining Unicode char U+043B (decimal 1083)
   defining Unicode char U+043C (decimal 1084)
   defining Unicode char U+043D (decimal 1085)
   defining Unicode char U+043E (decimal 1086)
   defining Unicode char U+043F (decimal 1087)
   defining Unicode char U+0440 (decimal 1088)
   defining Unicode char U+0441 (decimal 1089)
   defining Unicode char U+0442 (decimal 1090)
   defining Unicode char U+0443 (decimal 1091)
   defining Unicode char U+0444 (decimal 1092)
   defining Unicode char U+0445 (decimal 1093)
   defining Unicode char U+0446 (decimal 1094)
   defining Unicode char U+0447 (decimal 1095)
   defining Unicode char U+0448 (decimal 1096)
   defining Unicode char U+0449 (decimal 1097)
   defining Unicode char U+044A (decimal 1098)
   defining Unicode char U+044B (decimal 1099)
   defining Unicode char U+044C (decimal 1100)
   defining Unicode char U+044D (decimal 1101)
   defining Unicode char U+044E (decimal 1102)
   defining Unicode char U+044F (decimal 1103)
   defining Unicode char U+0450 (decimal 1104)
   defining Unicode char U+0451 (decimal 1105)
   defining Unicode char U+0452 (decimal 1106)
   defining Unicode char U+0453 (decimal 1107)
   defining Unicode char U+0454 (decimal 1108)
   defining Unicode char U+0455 (decimal 1109)
   defining Unicode char U+0456 (decimal 1110)
   defining Unicode char U+0457 (decimal 1111)
   defining Unicode char U+0458 (decimal 1112)
   defining Unicode char U+0459 (decimal 1113)
   defining Unicode char U+045A (decimal 1114)
   defining Unicode char U+045B (decimal 1115)
   defining Unicode char U+045C (decimal 1116)
   defining Unicode char U+045D (decimal 1117)
   defining Unicode char U+045E (decimal 1118)
   defining Unicode char U+045F (decimal 1119)
   defining Unicode char U+0490 (decimal 1168)
   defining Unicode char U+0491 (decimal 1169)
   defining Unicode char U+0492 (decimal 1170)
   defining Unicode char U+0493 (decimal 1171)
   defining Unicode char U+0496 (decimal 1174)
   defining Unicode char U+0497 (decimal 1175)
   defining Unicode char U+0498 (decimal 1176)
   defining Unicode char U+0499 (decimal 1177)
   defining Unicode char U+049A (decimal 1178)
   defining Unicode char U+049B (decimal 1179)
   defining Unicode char U+049C (decimal 1180)
   defining Unicode char U+049D (decimal 1181)
   defining Unicode char U+04A0 (decimal 1184)
   defining Unicode char U+04A1 (decimal 1185)
   defining Unicode char U+04A2 (decimal 1186)
   defining Unicode char U+04A3 (decimal 1187)
   defining Unicode char U+04A4 (decimal 1188)
   defining Unicode char U+04A5 (decimal 1189)
   defining Unicode char U+04AA (decimal 1194)
   defining Unicode char U+04AB (decimal 1195)
   defining Unicode char U+04AE (decimal 1198)
   defining Unicode char U+04AF (decimal 1199)
   defining Unicode char U+04B0 (decimal 1200)
   defining Unicode char U+04B1 (decimal 1201)
   defining Unicode char U+04B2 (decimal 1202)
   defining Unicode char U+04B3 (decimal 1203)
   defining Unicode char U+04B6 (decimal 1206)
   defining Unicode char U+04B7 (decimal 1207)
   defining Unicode char U+04B8 (decimal 1208)
   defining Unicode char U+04B9 (decimal 1209)
   defining Unicode char U+04BA (decimal 1210)
   defining Unicode char U+04BB (decimal 1211)
   defining Unicode char U+04C0 (decimal 1216)
   defining Unicode char U+04C1 (decimal 1217)
   defining Unicode char U+04C2 (decimal 1218)
   defining Unicode char U+04D0 (decimal 1232)
   defining Unicode char U+04D1 (decimal 1233)
   defining Unicode char U+04D2 (decimal 1234)
   defining Unicode char U+04D3 (decimal 1235)
   defining Unicode char U+04D4 (decimal 1236)
   defining Unicode char U+04D5 (decimal 1237)
   defining Unicode char U+04D6 (decimal 1238)
   defining Unicode char U+04D7 (decimal 1239)
   defining Unicode char U+04D8 (decimal 1240)
   defining Unicode char U+04D9 (decimal 1241)
   defining Unicode char U+04DA (decimal 1242)
   defining Unicode char U+04DB (decimal 1243)
   defining Unicode char U+04DC (decimal 1244)
   defining Unicode char U+04DD (decimal 1245)
   defining Unicode char U+04DE (decimal 1246)
   defining Unicode char U+04DF (decimal 1247)
   defining Unicode char U+04E2 (decimal 1250)
   defining Unicode char U+04E3 (decimal 1251)
   defining Unicode char U+04E4 (decimal 1252)
   defining Unicode char U+04E5 (decimal 1253)
   defining Unicode char U+04E6 (decimal 1254)
   defining Unicode char U+04E7 (decimal 1255)
   defining Unicode char U+04E8 (decimal 1256)
   defining Unicode char U+04E9 (decimal 1257)
   defining Unicode char U+04EC (decimal 1260)
   defining Unicode char U+04ED (decimal 1261)
   defining Unicode char U+04EE (decimal 1262)
   defining Unicode char U+04EF (decimal 1263)
   defining Unicode char U+04F0 (decimal 1264)
   defining Unicode char U+04F1 (decimal 1265)
   defining Unicode char U+04F2 (decimal 1266)
   defining Unicode char U+04F3 (decimal 1267)
   defining Unicode char U+04F4 (decimal 1268)
   defining Unicode char U+04F5 (decimal 1269)
   defining Unicode char U+04F8 (decimal 1272)
   defining Unicode char U+04F9 (decimal 1273)
   defining Unicode char U+200C (decimal 8204)
   defining Unicode char U+2013 (decimal 8211)
   defining Unicode char U+2014 (decimal 8212)
   defining Unicode char U+2018 (decimal 8216)
   defining Unicode char U+2019 (decimal 8217)
   defining Unicode char U+201C (decimal 8220)
   defining Unicode char U+201D (decimal 8221)
   defining Unicode char U+201E (decimal 8222)
   defining Unicode char U+2030 (decimal 8240)
   defining Unicode char U+2031 (decimal 8241)
   defining Unicode char U+2116 (decimal 8470)
   defining Unicode char U+2329 (decimal 9001)
   defining Unicode char U+232A (decimal 9002)
   defining Unicode char U+2423 (decimal 9251)
   defining Unicode char U+27E8 (decimal 10216)
   defining Unicode char U+27E9 (decimal 10217)
   defining Unicode char U+FB00 (decimal 64256)
   defining Unicode char U+FB01 (decimal 64257)
   defining Unicode char U+FB02 (decimal 64258)
   defining Unicode char U+FB03 (decimal 64259)
   defining Unicode char U+FB04 (decimal 64260)
   defining Unicode char U+FB05 (decimal 64261)
   defining Unicode char U+FB06 (decimal 64262)
))
Package babel Info: Making " an active character on input line 124.
Package babel Info: Default for \cyrdash is provided on input line 163.
))
(C:\Program Files\MiKTeX\tex/latex/amsmath\amsmath.sty
Package: amsmath 2021/04/20 v2.17j AMS math features
\@mathmargin=\skip49

For additional information on amsmath, use the `?' option.
(C:\Program Files\MiKTeX\tex/latex/amsmath\amstext.sty
Package: amstext 2000/06/29 v2.01 AMS text

(C:\Program Files\MiKTeX\tex/latex/amsmath\amsgen.sty
File: amsgen.sty 1999/11/30 v2.0 generic functions
\@emptytoks=\toks18
\ex@=\dimen140
))
(C:\Program Files\MiKTeX\tex/latex/amsmath\amsbsy.sty
Package: amsbsy 1999/11/29 v1.2d Bold Symbols
\pmbraise@=\dimen141
)
(C:\Program Files\MiKTeX\tex/latex/amsmath\amsopn.sty
Package: amsopn 2016/03/08 v2.02 operator names
)
\inf@bad=\count192
LaTeX Info: Redefining \frac on input line 234.
\uproot@=\count193
\leftroot@=\count194
LaTeX Info: Redefining \overline on input line 399.
\classnum@=\count195
\DOTSCASE@=\count196
LaTeX Info: Redefining \ldots on input line 496.
LaTeX Info: Redefining \dots on input line 499.
LaTeX Info: Redefining \cdots on input line 620.
\Mathstrutbox@=\box50
\strutbox@=\box51
\big@size=\dimen142
LaTeX Font Info:    Redeclaring font encoding OML on input line 743.
LaTeX Font Info:    Redeclaring font encoding OMS on input line 744.
\macc@depth=\count197
\c@MaxMatrixCols=\count198
\dotsspace@=\muskip16
\c@parentequation=\count199
\dspbrk@lvl=\count266
\tag@help=\toks19
\row@=\count267
\column@=\count268
\maxfields@=\count269
\andhelp@=\toks20
\eqnshift@=\dimen143
\alignsep@=\dimen144
\tagshift@=\dimen145
\tagwidth@=\dimen146
\totwidth@=\dimen147
\lineht@=\dimen148
\@envbody=\toks21
\multlinegap=\skip50
\multlinetaggap=\skip51
\mathdisplay@stack=\toks22
LaTeX Info: Redefining \[ on input line 2923.
LaTeX Info: Redefining \] on input line 2924.
)
(C:\Program Files\MiKTeX\tex/latex/amsfonts\amsfonts.sty
Package: amsfonts 2013/01/14 v3.01 Basic AMSFonts support
\symAMSa=\mathgroup4
\symAMSb=\mathgroup5
LaTeX Font Info:    Redeclaring math symbol \hbar on input line 98.
LaTeX Font Info:    Overwriting math alphabet `\mathfrak' in version `bold'
(Font)                  U/euf/m/n --> U/euf/b/n on input line 106.
)
(C:\Program Files\MiKTeX\tex/latex/amsfonts\amssymb.sty
Package: amssymb 2013/01/14 v3.01 AMS font symbols
)
(C:\Users\1\AppData\Roaming\MiKTeX\tex/latex/amscls\amsthm.sty
Package: amsthm 2020/05/29 v2.20.6
\thm@style=\toks23
\thm@bodyfont=\toks24
\thm@headfont=\toks25
\thm@notefont=\toks26
\thm@headpunct=\toks27
\thm@preskip=\skip52
\thm@postskip=\skip53
\thm@headsep=\skip54
\dth@everypar=\toks28
)
(C:\Users\1\AppData\Roaming\MiKTeX\tex/latex/mathtools\mathtools.sty
Package: mathtools 2021/04/12 v1.27 mathematical typesetting tools

(C:\Program Files\MiKTeX\tex/latex/graphics\keyval.sty
Package: keyval 2014/10/28 v1.15 key=value parser (DPC)
\KV@toks@=\toks29
)
(C:\Program Files\MiKTeX\tex/latex/tools\calc.sty
Package: calc 2017/05/25 v4.3 Infix arithmetic (KKT,FJ)
\calc@Acount=\count270
\calc@Bcount=\count271
\calc@Adimen=\dimen149
\calc@Bdimen=\dimen150
\calc@Askip=\skip55
\calc@Bskip=\skip56
LaTeX Info: Redefining \setlength on input line 80.
LaTeX Info: Redefining \addtolength on input line 81.
\calc@Ccount=\count272
\calc@Cskip=\skip57
)
(C:\Users\1\AppData\Roaming\MiKTeX\tex/latex/mathtools\mhsetup.sty
Package: mhsetup 2021/03/18 v1.4 programming setup (MH)
)
LaTeX Info: Thecontrolsequence`\('isalreadyrobust on input line 130.
LaTeX Info: Thecontrolsequence`\)'isalreadyrobust on input line 130.
LaTeX Info: Thecontrolsequence`\['isalreadyrobust on input line 130.
LaTeX Info: Thecontrolsequence`\]'isalreadyrobust on input line 130.
\g_MT_multlinerow_int=\count273
\l_MT_multwidth_dim=\dimen151
\origjot=\skip58
\l_MT_shortvdotswithinadjustabove_dim=\dimen152
\l_MT_shortvdotswithinadjustbelow_dim=\dimen153
\l_MT_above_intertext_sep=\dimen154
\l_MT_below_intertext_sep=\dimen155
\l_MT_above_shortintertext_sep=\dimen156
\l_MT_below_shortintertext_sep=\dimen157
\xmathstrut@box=\box52
\xmathstrut@dim=\dimen158
)
(C:\Users\1\AppData\Roaming\MiKTeX\tex/latex/geometry\geometry.sty
Package: geometry 2020/01/02 v5.9 Page Geometry

(C:\Program Files\MiKTeX\tex/generic/iftex\ifvtex.sty
Package: ifvtex 2019/10/25 v1.7 ifvtex legacy package. Use iftex instead.

(C:\Program Files\MiKTeX\tex/generic/iftex\iftex.sty
Package: iftex 2020/03/06 v1.0d TeX engine tests
))
\Gm@cnth=\count274
\Gm@cntv=\count275
\c@Gm@tempcnt=\count276
\Gm@bindingoffset=\dimen159
\Gm@wd@mp=\dimen160
\Gm@odd@mp=\dimen161
\Gm@even@mp=\dimen162
\Gm@layoutwidth=\dimen163
\Gm@layoutheight=\dimen164
\Gm@layouthoffset=\dimen165
\Gm@layoutvoffset=\dimen166
\Gm@dimlist=\toks30

(C:\Users\1\AppData\Roaming\MiKTeX\tex/latex/geometry\geometry.cfg))
(C:\Program Files\MiKTeX\tex/latex/l3backend\l3backend-pdftex.def
File: l3backend-pdftex.def 2021-05-07 L3 backend support: PDF output (pdfTeX)
\l__color_backend_stack_int=\count277
\l__pdf_internal_box=\box53
)
(–ª–∞–±–∞ 6.aux
LaTeX Font Info:    Trying to load font information for T2A+cmr on input line 5
.
 (C:\Users\1\AppData\Roaming\MiKTeX\tex/latex/cyrillic\t2acmr.fd
File: t2acmr.fd 2001/08/11 v1.0a Computer Modern Cyrillic font definitions
))
\openout1 = `"–ª–∞–±–∞ 6.aux"'.

LaTeX Font Info:    Checking defaults for OML/cmm/m/it on input line 8.
LaTeX Font Info:    ... okay on input line 8.
LaTeX Font Info:    Checking defaults for OMS/cmsy/m/n on input line 8.
LaTeX Font Info:    ... okay on input line 8.
LaTeX Font Info:    Checking defaults for OT1/cmr/m/n on input line 8.
LaTeX Font Info:    ... okay on input line 8.
LaTeX Font Info:    Checking defaults for T1/cmr/m/n on input line 8.
LaTeX Font Info:    ... okay on input line 8.
LaTeX Font Info:    Checking defaults for TS1/cmr/m/n on input line 8.
LaTeX Font Info:    ... okay on input line 8.
LaTeX Font Info:    Checking defaults for OMX/cmex/m/n on input line 8.
LaTeX Font Info:    ... okay on input line 8.
LaTeX Font Info:    Checking defaults for U/cmr/m/n on input line 8.
LaTeX Font Info:    ... okay on input line 8.
LaTeX Font Info:    Checking defaults for T2A/cmr/m/n on input line 8.
LaTeX Font Info:    ... okay on input line 8.
LaTeX Info: Redefining \th on input line 8.
 (C:\Program Files\MiKTeX\tex/latex/graphics\graphicx.sty
Package: graphicx 2020/12/05 v1.2c Enhanced LaTeX Graphics (DPC,SPQR)

(C:\Program Files\MiKTeX\tex/latex/graphics\graphics.sty
Package: graphics 2021/03/04 v1.4d Standard LaTeX Graphics (DPC,SPQR)

(C:\Program Files\MiKTeX\tex/latex/graphics\trig.sty
Package: trig 2016/01/03 v1.10 sin cos tan (DPC)
)
(C:\Program Files\MiKTeX\tex/latex/graphics-cfg\graphics.cfg
File: graphics.cfg 2016/06/04 v1.11 sample graphics configuration
)
Package graphics Info: Driver file: pdftex.def on input line 107.

(C:\Program Files\MiKTeX\tex/latex/graphics-def\pdftex.def
File: pdftex.def 2020/10/05 v1.2a Graphics/color driver for pdftex

(C:\Program Files\MiKTeX\tex/context/base/mkii\supp-pdf.mkii
[Loading MPS to PDF converter (version 2006.09.02).]
\scratchcounter=\count278
\scratchdimen=\dimen167
\scratchbox=\box54
\nofMPsegments=\count279
\nofMParguments=\count280
\everyMPshowfont=\toks31
\MPscratchCnt=\count281
\MPscratchDim=\dimen168
\MPnumerator=\count282
\makeMPintoPDFobject=\count283
\everyMPtoPDFconversion=\toks32
))) (C:\Program Files\MiKTeX\tex/latex/epstopdf-pkg\epstopdf-base.sty
Package: epstopdf-base 2020-01-24 v2.11 Base part for package epstopdf
Package epstopdf-base Info: Redefining graphics rule for `.eps' on input line 4
85.

(C:\Program Files\MiKTeX\tex/latex/00miktex\epstopdf-sys.cfg
File: epstopdf-sys.cfg 2021/03/18 v2.0 Configuration of epstopdf for MiKTeX
))
\Gin@req@height=\dimen169
\Gin@req@width=\dimen170
)
*geometry* driver: auto-detecting
*geometry* detected driver: pdftex
*geometry* verbose mode - [ preamble ] result:
* driver: pdftex
* paper: a4paper
* layout: <same size as paper>
* layoutoffset:(h,v)=(0.0pt,0.0pt)
* modes: 
* h-part:(L,W,R)=(56.9055pt, 497.92325pt, 42.67912pt)
* v-part:(T,H,B)=(42.67912pt, 759.6886pt, 42.67912pt)
* \paperwidth=597.50787pt
* \paperheight=845.04684pt
* \textwidth=497.92325pt
* \textheight=759.6886pt
* \oddsidemargin=-15.36449pt
* \evensidemargin=-15.36449pt
* \topmargin=-29.59087pt
* \headheight=0.0pt
* \headsep=0.0pt
* \topskip=14.0pt
* \footskip=28.45274pt
* \marginparwidth=15.0pt
* \marginparsep=10.0pt
* \columnsep=10.0pt
* \skip\footins=12.0pt plus 4.0pt minus 2.0pt
* \hoffset=0.0pt
* \voffset=0.0pt
* \mag=1000
* \@twocolumnfalse
* \@twosidefalse
* \@mparswitchfalse
* \@reversemarginfalse
* (1in=72.27pt=25.4mm, 1cm=28.453pt)

LaTeX Font Info:    Trying to load font information for U+msa on input line 34.

(C:\Program Files\MiKTeX\tex/latex/amsfonts\umsa.fd
File: umsa.fd 2013/01/14 v3.01 AMS symbols A
)
LaTeX Font Info:    Trying to load font information for U+msb on input line 34.


(C:\Program Files\MiKTeX\tex/latex/amsfonts\umsb.fd
File: umsb.fd 2013/01/14 v3.01 AMS symbols B
)
Underfull \hbox (badness 10000) in paragraph at lines 34--43

 []


Underfull \hbox (badness 10000) in paragraph at lines 34--43

 []


Underfull \hbox (badness 10000) in paragraph at lines 34--43

 []


Underfull \hbox (badness 10000) in paragraph at lines 34--43

 []

[1

{C:/Users/1/AppData/Local/MiKTeX/pdftex/config/pdftex.map}]

LaTeX Warning: Command \textquoteright invalid in math mode on input line 50.

[2]
Overfull \hbox (4.22878pt too wide) in paragraph at lines 81--81
[]\T2A/cmr/bx/n/20.74 œÓ‰„ÓÚÓ‚Í‡ ÍÓÌ-ÚÓÎ¸-Ì˚ı ÚÂ-ÒÚÓ‚ ‰Îˇ ËÎ-Î˛-ÒÚ‡-
 []


Underfull \hbox (badness 10000) in paragraph at lines 83--85

 []

[3]
<diagram (6).png, id=20, 426.59375pt x 665.48625pt>
File: diagram (6).png Graphic file (type png)
<use diagram (6).png>
Package pdftex.def Info: diagram (6).png  used on input line 91.
(pdftex.def)             Requested size: 298.61357pt x 465.83719pt.
<diagram (6)1.png, id=22, 186.6975pt x 240.9pt>
File: diagram (6)1.png Graphic file (type png)
<use diagram (6)1.png>
Package pdftex.def Info: diagram (6)1.png  used on input line 98.
(pdftex.def)             Requested size: 130.68735pt x 168.62883pt.


LaTeX Warning: `!h' float specifier changed to `!ht'.

[4 <./diagram (6).png>]
<—Ä–µ—à–µ–Ω–∏–µ –ø—Ä–∏ —à–∞–≥–µ 0.01.jpg, id=27, 1927.2pt x 939.51pt>
File: —Ä–µ—à–µ–Ω–∏–µ –ø—Ä–∏ —à–∞–≥–µ 0.01.jpg Graphic file (type jpg)
<use —Ä–µ—à–µ–Ω–∏–µ –ø—Ä–∏ —à–∞–≥–µ 0.01.jpg>
Package pdftex.def Info: —Ä–µ—à–µ–Ω–∏–µ –ø—Ä–∏ —à–∞–≥–µ 0.01.jpg  used on input
 line 108.
(pdftex.def)             Requested size: 578.16447pt x 281.85518pt.

Overfull \hbox (80.24123pt too wide) in paragraph at lines 108--109
 [] 
 []

<–æ—à–∏–±–∫–∞ –ø—Ä–∏ —à–∞–≥–µ 0.01.jpg, id=28, 1927.2pt x 939.51pt>
File: –æ—à–∏–±–∫–∞ –ø—Ä–∏ —à–∞–≥–µ 0.01.jpg Graphic file (type jpg)
<use –æ—à–∏–±–∫–∞ –ø—Ä–∏ —à–∞–≥–µ 0.01.jpg>
Package pdftex.def Info: –æ—à–∏–±–∫–∞ –ø—Ä–∏ —à–∞–≥–µ 0.01.jpg  used on input l
ine 115.
(pdftex.def)             Requested size: 578.16447pt x 281.85518pt.

Overfull \hbox (80.24123pt too wide) in paragraph at lines 115--116
 [] 
 []


LaTeX Warning: `!h' float specifier changed to `!ht'.

<–ø–æ–≥—Ä–µ—à–Ω–æ—Å—Ç—å –æ—Ç —à–∞–≥–∞.jpg, id=29, 1927.2pt x 939.51pt>
File: –ø–æ–≥—Ä–µ—à–Ω–æ—Å—Ç—å –æ—Ç —à–∞–≥–∞.jpg Graphic file (type jpg)
<use –ø–æ–≥—Ä–µ—à–Ω–æ—Å—Ç—å –æ—Ç —à–∞–≥–∞.jpg>
Package pdftex.def Info: –ø–æ–≥—Ä–µ—à–Ω–æ—Å—Ç—å –æ—Ç —à–∞–≥–∞.jpg  used on inpu
t line 128.
(pdftex.def)             Requested size: 578.16447pt x 281.85518pt.

Overfull \hbox (80.24123pt too wide) in paragraph at lines 128--129
 [] 
 []

[5 <./diagram (6)1.png> <./—Ä–µ—à–µ–Ω–∏–µ –ø—Ä–∏ —à–∞–≥–µ 0.01.jpg>] [6 <./–æ—à
–∏–±–∫–∞ –ø—Ä–∏ —à–∞–≥–µ 0.01.jpg> <./–ø–æ–≥—Ä–µ—à–Ω–æ—Å—Ç—å –æ—Ç —à–∞–≥–∞.jpg>
]
<–≤–æ–∑–º—É—â–µ–Ω–∏–µ –≤ –Ω–∞—á–∞–ª—å–Ω—ã–µ —É—Å–ª–æ–≤–∏—è.jpg, id=37, 1927.2pt
 x 939.51pt>
File: –≤–æ–∑–º—É—â–µ–Ω–∏–µ –≤ –Ω–∞—á–∞–ª—å–Ω—ã–µ —É—Å–ª–æ–≤–∏—è.jpg Graphic fil
e (type jpg)
<use –≤–æ–∑–º—É—â–µ–Ω–∏–µ –≤ –Ω–∞—á–∞–ª—å–Ω—ã–µ —É—Å–ª–æ–≤–∏—è.jpg>
Package pdftex.def Info: –≤–æ–∑–º—É—â–µ–Ω–∏–µ –≤ –Ω–∞—á–∞–ª—å–Ω—ã–µ —É—Å–ª–æ–≤–
∏—è.jpg  used on input line 137.
(pdftex.def)             Requested size: 578.16447pt x 281.85518pt.

Overfull \hbox (80.24123pt too wide) in paragraph at lines 137--138
 [] 
 []

<–≤–æ–∑–º—É—â–µ–Ω–∏–µ –≤ —á–∏—Å–ª–æ–≤—ã–µ –∫–æ—ç—Ñ—Ñ–∏—Ü–∏–µ–Ω—Ç—ã.jpg, id=38, 
1927.2pt x 939.51pt>
File: –≤–æ–∑–º—É—â–µ–Ω–∏–µ –≤ —á–∏—Å–ª–æ–≤—ã–µ –∫–æ—ç—Ñ—Ñ–∏—Ü–∏–µ–Ω—Ç—ã.jpg Gra
phic file (type jpg)
<use –≤–æ–∑–º—É—â–µ–Ω–∏–µ –≤ —á–∏—Å–ª–æ–≤—ã–µ –∫–æ—ç—Ñ—Ñ–∏—Ü–∏–µ–Ω—Ç—ã.jpg>
Package pdftex.def Info: –≤–æ–∑–º—É—â–µ–Ω–∏–µ –≤ —á–∏—Å–ª–æ–≤—ã–µ –∫–æ—ç—Ñ—Ñ–∏—
Ü–∏–µ–Ω—Ç—ã.jpg  used on input line 144.
(pdftex.def)             Requested size: 578.16447pt x 281.85518pt.

Overfull \hbox (80.24123pt too wide) in paragraph at lines 144--145
 [] 
 []


LaTeX Warning: `!h' float specifier changed to `!ht'.

<–ø—Ä–∞–≤–∏–ª–æ —Ä—É–Ω–≥–µ.jpg, id=39, 1927.2pt x 939.51pt>
File: –ø—Ä–∞–≤–∏–ª–æ —Ä—É–Ω–≥–µ.jpg Graphic file (type jpg)
<use –ø—Ä–∞–≤–∏–ª–æ —Ä—É–Ω–≥–µ.jpg>
Package pdftex.def Info: –ø—Ä–∞–≤–∏–ª–æ —Ä—É–Ω–≥–µ.jpg  used on input line 154.

(pdftex.def)             Requested size: 578.16447pt x 281.85518pt.

Overfull \hbox (80.24123pt too wide) in paragraph at lines 154--155
 [] 
 []


LaTeX Warning: `!h' float specifier changed to `!ht'.


Underfull \hbox (badness 10000) in paragraph at lines 158--159

 []

[7 <./–≤–æ–∑–º—É—â–µ–Ω–∏–µ –≤ –Ω–∞—á–∞–ª—å–Ω—ã–µ —É—Å–ª–æ–≤–∏—è.jpg>] [8 <./–≤–
æ–∑–º—É—â–µ–Ω–∏–µ –≤ —á–∏—Å–ª–æ–≤—ã–µ –∫–æ—ç—Ñ—Ñ–∏—Ü–∏–µ–Ω—Ç—ã.jpg> <./–ø—Ä–∞–≤
–∏–ª–æ —Ä—É–Ω–≥–µ.jpg>] [9]
<—Å—Ä–∞–≤–Ω–µ–Ω–∏–µ —Ä–µ—à–µ–Ω–∏–µ.jpg, id=50, 1927.2pt x 939.51pt>
File: —Å—Ä–∞–≤–Ω–µ–Ω–∏–µ —Ä–µ—à–µ–Ω–∏–µ.jpg Graphic file (type jpg)
<use —Å—Ä–∞–≤–Ω–µ–Ω–∏–µ —Ä–µ—à–µ–Ω–∏–µ.jpg>
Package pdftex.def Info: —Å—Ä–∞–≤–Ω–µ–Ω–∏–µ —Ä–µ—à–µ–Ω–∏–µ.jpg  used on input l
ine 166.
(pdftex.def)             Requested size: 578.16447pt x 281.85518pt.

Overfull \hbox (80.24123pt too wide) in paragraph at lines 166--167
 [] 
 []

<—Å—Ä–∞–≤–Ω–µ–Ω–∏–µ –æ—à–∏–±–∫–∞ –ø—Ä–∏ —à–∞–≥–µ.jpg, id=51, 1927.2pt x 939.51p
t>
File: —Å—Ä–∞–≤–Ω–µ–Ω–∏–µ –æ—à–∏–±–∫–∞ –ø—Ä–∏ —à–∞–≥–µ.jpg Graphic file (type jp
g)
<use —Å—Ä–∞–≤–Ω–µ–Ω–∏–µ –æ—à–∏–±–∫–∞ –ø—Ä–∏ —à–∞–≥–µ.jpg>
Package pdftex.def Info: —Å—Ä–∞–≤–Ω–µ–Ω–∏–µ –æ—à–∏–±–∫–∞ –ø—Ä–∏ —à–∞–≥–µ.jpg  u
sed on input line 173.
(pdftex.def)             Requested size: 578.16447pt x 281.85518pt.

Overfull \hbox (80.24123pt too wide) in paragraph at lines 173--174
 [] 
 []

[10 <./—Å—Ä–∞–≤–Ω–µ–Ω–∏–µ —Ä–µ—à–µ–Ω–∏–µ.jpg> <./—Å—Ä–∞–≤–Ω–µ–Ω–∏–µ –æ—à–∏–±–∫–
∞ –ø—Ä–∏ —à–∞–≥–µ.jpg>]
<—Å—Ä–∞–≤–Ω–µ–Ω–∏–µ –æ—Ç —à–∞–≥–∞.jpg, id=55, 1927.2pt x 939.51pt>
File: —Å—Ä–∞–≤–Ω–µ–Ω–∏–µ –æ—Ç —à–∞–≥–∞.jpg Graphic file (type jpg)
<use —Å—Ä–∞–≤–Ω–µ–Ω–∏–µ –æ—Ç —à–∞–≥–∞.jpg>
Package pdftex.def Info: —Å—Ä–∞–≤–Ω–µ–Ω–∏–µ –æ—Ç —à–∞–≥–∞.jpg  used on input li
ne 182.
(pdftex.def)             Requested size: 578.16447pt x 281.85518pt.

Overfull \hbox (80.24123pt too wide) in paragraph at lines 182--183
 [] 
 []

<—Å—Ä–∞–≤–Ω–µ–Ω–∏–µ –≤–æ–∑–º—É—â–µ–Ω–∏–µ –∫–æ—ç—Ñ.jpg, id=56, 1927.2pt x 939.51
pt>
File: —Å—Ä–∞–≤–Ω–µ–Ω–∏–µ –≤–æ–∑–º—É—â–µ–Ω–∏–µ –∫–æ—ç—Ñ.jpg Graphic file (type j
pg)
<use —Å—Ä–∞–≤–Ω–µ–Ω–∏–µ –≤–æ–∑–º—É—â–µ–Ω–∏–µ –∫–æ—ç—Ñ.jpg>
Package pdftex.def Info: —Å—Ä–∞–≤–Ω–µ–Ω–∏–µ –≤–æ–∑–º—É—â–µ–Ω–∏–µ –∫–æ—ç—Ñ.jpg  
used on input line 190.
(pdftex.def)             Requested size: 578.16447pt x 281.85518pt.

Overfull \hbox (80.24123pt too wide) in paragraph at lines 190--191
 [] 
 []


LaTeX Warning: `!h' float specifier changed to `!ht'.

<—Å—Ä–∞–≤–Ω–µ–Ω–∏–µ –≤–æ–∑–º—É—â–µ–Ω–∏–µ –Ω–∞—á —É—Å–ª.jpg, id=57, 1927.2pt x 9
39.51pt>
File: —Å—Ä–∞–≤–Ω–µ–Ω–∏–µ –≤–æ–∑–º—É—â–µ–Ω–∏–µ –Ω–∞—á —É—Å–ª.jpg Graphic file (t
ype jpg)
<use —Å—Ä–∞–≤–Ω–µ–Ω–∏–µ –≤–æ–∑–º—É—â–µ–Ω–∏–µ –Ω–∞—á —É—Å–ª.jpg>
Package pdftex.def Info: —Å—Ä–∞–≤–Ω–µ–Ω–∏–µ –≤–æ–∑–º—É—â–µ–Ω–∏–µ –Ω–∞—á —É—Å–ª.
jpg  used on input line 197.
(pdftex.def)             Requested size: 578.16447pt x 281.85518pt.

Overfull \hbox (80.24123pt too wide) in paragraph at lines 197--198
 [] 
 []


LaTeX Warning: `!h' float specifier changed to `!ht'.

[11 <./—Å—Ä–∞–≤–Ω–µ–Ω–∏–µ –æ—Ç —à–∞–≥–∞.jpg>]
Overfull \vbox (0.30305pt too high) has occurred while \output is active []


[12 <./—Å—Ä–∞–≤–Ω–µ–Ω–∏–µ –≤–æ–∑–º—É—â–µ–Ω–∏–µ –∫–æ—ç—Ñ.jpg> <./—Å—Ä–∞–≤–Ω–µ–Ω–
∏–µ –≤–æ–∑–º—É—â–µ–Ω–∏–µ –Ω–∞—á —É—Å–ª.jpg>] [13] (–ª–∞–±–∞ 6.aux) ) 
Here is how much of TeX's memory you used:
 5127 strings out of 478864
 75015 string characters out of 2858529
 397979 words of memory out of 3000000
 22975 multiletter control sequences out of 15000+600000
 410430 words of font info for 44 fonts, out of 8000000 for 9000
 1141 hyphenation exceptions out of 8191
 64i,7n,72p,1644b,274s stack positions out of 5000i,500n,10000p,200000b,80000s
 <C:\Users\
1\AppData\Local\MiKTeX\fonts/pk/ljfour/jknappen/ec/dpi600\tcrm1440.pk> <C:\User
s\1\AppData\Local\MiKTeX\fonts/pk/ljfour/lh/lh-t2a/dpi600\labx1728.pk> <C:\User
s\1\AppData\Local\MiKTeX\fonts/pk/ljfour/lh/lh-t2a/dpi600\labx2074.pk> <C:\User
s\1\AppData\Local\MiKTeX\fonts/pk/ljfour/lh/lh-t2a/dpi600\larm1440.pk> <C:\User
s\1\AppData\Local\MiKTeX\fonts/pk/ljfour/lh/lh-t2a/dpi600\larm1728.pk><C:/Progr
am Files/MiKTeX/fonts/type1/public/amsfonts/cm/cmmi10.pfb><C:/Program Files/MiK
TeX/fonts/type1/public/amsfonts/cm/cmmi12.pfb><C:/Program Files/MiKTeX/fonts/ty
pe1/public/amsfonts/cm/cmr10.pfb><C:/Program Files/MiKTeX/fonts/type1/public/am
sfonts/cm/cmr12.pfb><C:/Program Files/MiKTeX/fonts/type1/public/amsfonts/cm/cms
y10.pfb>
Output written on "–ª–∞–±–∞ 6.pdf" (13 pages, 1461521 bytes).
PDF statistics:
 309 PDF objects out of 1000 (max. 8388607)
 0 named destinations out of 1000 (max. 500000)
 66 words of extra memory for PDF output out of 10000 (max. 10000000)

